<?xml version="1.0" encoding="UTF-8"?>
<testsuite xmlns:xsi="http://www.w3.org/2001/XMLSchema-instance" xsi:noNamespaceSchemaLocation="https://maven.apache.org/surefire/maven-surefire-plugin/xsd/surefire-test-report.xsd" name="co.edu.utp.misiontic2022.reto2.p45.AppTest" time="0.016" tests="1" errors="0" skipped="0" failures="0">
  <properties>
    <property name="java.specification.version" value="18"/>
    <property name="sun.cpu.isalist" value="amd64"/>
    <property name="sun.jnu.encoding" value="Cp1252"/>
    <property name="java.class.path" value="c:\Users\adcom\Desktop\Mintic\java\reto_2\reto2\target\test-classes;c:\Users\adcom\Desktop\Mintic\java\reto_2\reto2\target\classes;C:\Users\adcom\.m2\repository\junit\junit\4.11\junit-4.11.jar;C:\Users\adcom\.m2\repository\org\hamcrest\hamcrest-core\1.3\hamcrest-core-1.3.jar;"/>
    <property name="java.vm.vendor" value="Oracle Corporation"/>
    <property name="sun.arch.data.model" value="64"/>
    <property name="user.variant" value=""/>
    <property name="java.vendor.url" value="https://java.oracle.com/"/>
    <property name="user.timezone" value="America/Bogota"/>
    <property name="os.name" value="Windows 10"/>
    <property name="java.vm.specification.version" value="18"/>
    <property name="sun.java.launcher" value="SUN_STANDARD"/>
    <property name="user.country" value="CO"/>
    <property name="sun.boot.library.path" value="C:\Program Files\Java\jdk-18.0.1.1\bin"/>
    <property name="sun.java.command" value="C:\Users\adcom\AppData\Local\Temp\surefire4699286003101105719\surefirebooter5459814006133379816.jar C:\Users\adcom\AppData\Local\Temp\surefire4699286003101105719 2022-07-15T20-44-09_368-jvmRun1 surefire13413558010639095993tmp surefire_04035534969016703281tmp"/>
    <property name="jdk.debug" value="release"/>
    <property name="surefire.test.class.path" value="c:\Users\adcom\Desktop\Mintic\java\reto_2\reto2\target\test-classes;c:\Users\adcom\Desktop\Mintic\java\reto_2\reto2\target\classes;C:\Users\adcom\.m2\repository\junit\junit\4.11\junit-4.11.jar;C:\Users\adcom\.m2\repository\org\hamcrest\hamcrest-core\1.3\hamcrest-core-1.3.jar;"/>
    <property name="sun.cpu.endian" value="little"/>
    <property name="user.home" value="C:\Users\adcom"/>
    <property name="user.language" value="es"/>
    <property name="java.specification.vendor" value="Oracle Corporation"/>
    <property name="java.version.date" value="2022-04-22"/>
    <property name="java.home" value="C:\Program Files\Java\jdk-18.0.1.1"/>
    <property name="file.separator" value="\"/>
    <property name="basedir" value="c:\Users\adcom\Desktop\Mintic\java\reto_2\reto2"/>
    <property name="java.vm.compressedOopsMode" value="Zero based"/>
    <property name="line.separator" value="&#10;"/>
    <property name="java.vm.specification.vendor" value="Oracle Corporation"/>
    <property name="java.specification.name" value="Java Platform API Specification"/>
    <property name="surefire.real.class.path" value="C:\Users\adcom\AppData\Local\Temp\surefire4699286003101105719\surefirebooter5459814006133379816.jar"/>
    <property name="user.script" value=""/>
    <property name="sun.management.compiler" value="HotSpot 64-Bit Tiered Compilers"/>
    <property name="java.runtime.version" value="18.0.1.1+2-6"/>
    <property name="user.name" value="adcom"/>
    <property name="path.separator" value=";"/>
    <property name="os.version" value="10.0"/>
    <property name="java.runtime.name" value="Java(TM) SE Runtime Environment"/>
    <property name="file.encoding" value="UTF-8"/>
    <property name="java.vm.name" value="Java HotSpot(TM) 64-Bit Server VM"/>
    <property name="localRepository" value="C:\Users\adcom\.m2\repository"/>
    <property name="java.vendor.url.bug" value="https://bugreport.java.com/bugreport/"/>
    <property name="java.io.tmpdir" value="C:\Users\adcom\AppData\Local\Temp\"/>
    <property name="java.version" value="18.0.1.1"/>
    <property name="user.dir" value="c:\Users\adcom\Desktop\Mintic\java\reto_2\reto2"/>
    <property name="os.arch" value="amd64"/>
    <property name="java.vm.specification.name" value="Java Virtual Machine Specification"/>
    <property name="sun.os.patch.level" value=""/>
    <property name="native.encoding" value="Cp1252"/>
    <property name="java.library.path" value="C:\Program Files\Java\jdk-18.0.1.1\bin;C:\Windows\Sun\Java\bin;C:\Windows\system32;C:\Windows;C:\Program Files\Common Files\Oracle\Java\javapath;C:\Program Files (x86)\Common Files\Oracle\Java\javapath;C:\Windows\system32;C:\Windows;C:\Windows\System32\Wbem;C:\Windows\System32\WindowsPowerShell\v1.0\;C:\Windows\System32\OpenSSH\;C:\apache-maven\bin;C:\Users\adcom\AppData\Local\Microsoft\WindowsApps;;C:\Users\adcom\AppData\Local\Programs\Microsoft VS Code\bin;."/>
    <property name="java.vm.info" value="mixed mode, sharing"/>
    <property name="java.vendor" value="Oracle Corporation"/>
    <property name="java.vm.version" value="18.0.1.1+2-6"/>
    <property name="sun.io.unicode.encoding" value="UnicodeLittle"/>
    <property name="java.class.version" value="62.0"/>
  </properties>
  <testcase name="shouldAnswerWithTrue" classname="co.edu.utp.misiontic2022.reto2.p45.AppTest" time="0.002"/>
</testsuite>